\BOOKMARK [0][-]{chapter.1}{Aufgabenstellung}{}% 1
\BOOKMARK [1][-]{section.1.1}{Station\344re Photovoltaik Sonnensimulatoren}{chapter.1}% 2
\BOOKMARK [1][-]{section.1.2}{Sonnensimulator Aufbau}{chapter.1}% 3
\BOOKMARK [1][-]{section.1.3}{Normative Anforderungen}{chapter.1}% 4
\BOOKMARK [1][-]{section.1.4}{Theorie Referenzzelle}{chapter.1}% 5
\BOOKMARK [0][-]{chapter.2}{Entwicklungsprozess}{}% 6
\BOOKMARK [1][-]{section.2.1}{Mechanische Komponenten}{chapter.2}% 7
\BOOKMARK [2][-]{subsection.2.1.1}{Die Mecanum-Plattform}{section.2.1}% 8
\BOOKMARK [2][-]{subsection.2.1.2}{Chassis}{section.2.1}% 9
\BOOKMARK [1][-]{section.2.2}{Elektronik}{chapter.2}% 10
\BOOKMARK [2][-]{subsection.2.2.1}{Motorensteuerung}{section.2.2}% 11
\BOOKMARK [2][-]{subsection.2.2.2}{Optische Sensoren}{section.2.2}% 12
\BOOKMARK [2][-]{subsection.2.2.3}{Spannungversorgung}{section.2.2}% 13
\BOOKMARK [2][-]{subsection.2.2.4}{Mikrokontroller}{section.2.2}% 14
\BOOKMARK [2][-]{subsection.2.2.5}{Strommessung}{section.2.2}% 15
\BOOKMARK [2][-]{subsection.2.2.6}{Das Shield}{section.2.2}% 16
\BOOKMARK [2][-]{subsection.2.2.7}{Temperaturmessung}{section.2.2}% 17
\BOOKMARK [1][-]{section.2.3}{Softwareentwicklung}{chapter.2}% 18
\BOOKMARK [2][-]{subsection.2.3.1}{Entwicklungsumgebung}{section.2.3}% 19
\BOOKMARK [2][-]{subsection.2.3.2}{Auswertung der optischen Sensoren}{section.2.3}% 20
\BOOKMARK [2][-]{subsection.2.3.3}{Auswertung der Temperatur- und Strommesswerte}{section.2.3}% 21
\BOOKMARK [2][-]{subsection.2.3.4}{Programmablauf}{section.2.3}% 22
\BOOKMARK [0][-]{chapter.3}{Kalibration}{}% 23
\BOOKMARK [1][-]{section.3.1}{Temperatursensoren}{chapter.3}% 24
\BOOKMARK [1][-]{section.3.2}{Messzelle}{chapter.3}% 25
\BOOKMARK [1][-]{section.3.3}{Strommessung}{chapter.3}% 26
\BOOKMARK [1][-]{section.3.4}{Thermische Stabilit\344t der Temperaturmessung}{chapter.3}% 27
\BOOKMARK [0][-]{chapter.4}{Messung}{}% 28
\BOOKMARK [1][-]{section.4.1}{Messaufbau}{chapter.4}% 29
\BOOKMARK [2][-]{subsection.4.1.1}{Platten}{section.4.1}% 30
\BOOKMARK [2][-]{subsection.4.1.2}{Ablauf}{section.4.1}% 31
\BOOKMARK [1][-]{section.4.2}{Auswertung}{chapter.4}% 32
\BOOKMARK [1][-]{section.4.3}{Die Ausleuchtung einzelner Lampen}{chapter.4}% 33
\BOOKMARK [1][-]{section.4.4}{Variation der Lampenleistung und der H\366he des Lampenfeldes}{chapter.4}% 34
\BOOKMARK [1][-]{section.4.5}{Optimierung der Homogenit\344t}{chapter.4}% 35
\BOOKMARK [1][-]{section.4.6}{Schlussfolgerung}{chapter.4}% 36
\BOOKMARK [0][-]{chapter*.8}{Literaturverzeichnis}{}% 37
\BOOKMARK [0][-]{chapter*.9}{Abbildungsverzeichnis}{}% 38
\BOOKMARK [0][-]{chapter*.10}{Tabellenverzeichnis}{}% 39
\BOOKMARK [0][-]{chapter*.11}{Abk\374rzungsverzeichnis}{}% 40
\BOOKMARK [0][-]{appendix.A}{Sourcecode Arduino}{}% 41
\BOOKMARK [0][-]{appendix.B}{Sourcecode Auswertung}{}% 42
