\BOOKMARK [0][-]{chapter.1}{Aufgabenstellung}{}% 1
\BOOKMARK [1][-]{section.1.1}{Warum Module im Sonnensimulator}{chapter.1}% 2
\BOOKMARK [1][-]{section.1.2}{Sonnensimulator Aufbau}{chapter.1}% 3
\BOOKMARK [1][-]{section.1.3}{Notwendigkeit der Ausleuchtungsmessung}{chapter.1}% 4
\BOOKMARK [1][-]{section.1.4}{Theorie Referenzzelle}{chapter.1}% 5
\BOOKMARK [0][-]{chapter.2}{Entwicklungprozess}{}% 6
\BOOKMARK [1][-]{section.2.1}{Hardwaredesign}{chapter.2}% 7
\BOOKMARK [2][-]{subsection.2.1.1}{Mecanum-Platform}{section.2.1}% 8
\BOOKMARK [2][-]{subsection.2.1.2}{Chassis}{section.2.1}% 9
\BOOKMARK [1][-]{section.2.2}{Steuerungselektronik}{chapter.2}% 10
\BOOKMARK [2][-]{subsection.2.2.1}{Motorensteuerung}{section.2.2}% 11
\BOOKMARK [2][-]{subsection.2.2.2}{Optische Sensorik}{section.2.2}% 12
\BOOKMARK [2][-]{subsection.2.2.3}{Spannungversorgung}{section.2.2}% 13
\BOOKMARK [2][-]{subsection.2.2.4}{Temperatursensoren}{section.2.2}% 14
\BOOKMARK [1][-]{section.2.3}{Softwareentwicklung}{chapter.2}% 15
\BOOKMARK [2][-]{subsection.2.3.1}{Entwicklungsumgebung}{section.2.3}% 16
\BOOKMARK [2][-]{subsection.2.3.2}{Auswertung optische sensoren}{section.2.3}% 17
\BOOKMARK [2][-]{subsection.2.3.3}{Auswertung ADCs}{section.2.3}% 18
\BOOKMARK [2][-]{subsection.2.3.4}{Programmablauf}{section.2.3}% 19
\BOOKMARK [0][-]{chapter.3}{Kalibration}{}% 20
\BOOKMARK [1][-]{section.3.1}{Temperatursensoren}{chapter.3}% 21
\BOOKMARK [1][-]{section.3.2}{Messzelle}{chapter.3}% 22
\BOOKMARK [1][-]{section.3.3}{Strommessung}{chapter.3}% 23
\BOOKMARK [1][-]{section.3.4}{Thermische Stabilit\303\244t}{chapter.3}% 24
\BOOKMARK [0][-]{chapter.4}{Messung}{}% 25
\BOOKMARK [1][-]{section.4.1}{Messaufbau}{chapter.4}% 26
\BOOKMARK [2][-]{subsection.4.1.1}{Platten}{section.4.1}% 27
\BOOKMARK [2][-]{subsection.4.1.2}{Ablauf}{section.4.1}% 28
\BOOKMARK [1][-]{section.4.2}{Auswertung}{chapter.4}% 29
\BOOKMARK [1][-]{section.4.3}{Schlussfolgerung}{chapter.4}% 30
\BOOKMARK [0][-]{chapter*.8}{Literaturverzeichnis}{}% 31
\BOOKMARK [0][-]{chapter*.9}{Abbildungsverzeichnis}{}% 32
\BOOKMARK [0][-]{chapter*.10}{Tabellenverzeichnis}{}% 33
\BOOKMARK [0][-]{chapter*.11}{Abk\374rzungsverzeichnis}{}% 34
\BOOKMARK [0][-]{appendix.A}{Sourcecode Arduino}{}% 35
\BOOKMARK [0][-]{appendix.B}{Sourcecode Auswertung}{}% 36
